Using pre-set license
Built from '2020.2/release' branch; Version is '2020.2.2f1 (068178b99f32) revision 426360'; Using compiler version '192528614'; Build Type 'Release'
OS: 'Windows 10 Home; OS build 19042.1165; Version 2009; 64bit' Language: 'en' Physical Memory: 16122 MB
BatchMode: 1, IsHumanControllingUs: 0, StartBugReporterOnCrash: 0, Is64bit: 1, IsPro: 0

 COMMAND LINE ARGUMENTS:
C:\Program Files\Unity\Hub\Editor\2020.2.2f1\Editor\Unity.exe
-adb2
-batchMode
-noUpm
-name
AssetImportWorker0
-projectPath
C:/Users/piehu/Documents/GitHub/HiddenVeilStealthGame
-logFile
Logs/AssetImportWorker0.log
-srvPort
56252
Successfully changed project path to: C:/Users/piehu/Documents/GitHub/HiddenVeilStealthGame
C:/Users/piehu/Documents/GitHub/HiddenVeilStealthGame
Using Asset Import Pipeline V2.
Refreshing native plugins compatible for Editor in 96.66 ms, found 0 plugins.
Preloading 0 native plugins for Editor in 0.00 ms.
Initialize engine version: 2020.2.2f1 (068178b99f32)
[Subsystems] Discovering subsystems at path C:/Program Files/Unity/Hub/Editor/2020.2.2f1/Editor/Data/Resources/UnitySubsystems
[Subsystems] Discovering subsystems at path C:/Users/piehu/Documents/GitHub/HiddenVeilStealthGame/Assets
GfxDevice: creating device client; threaded=0
Direct3D:
    Version:  Direct3D 11.0 [level 11.1]
    Renderer: NVIDIA GeForce GTX 1650 Ti with Max-Q Design (ID=0x1f95)
    Vendor:   
    VRAM:     3962 MB
    Driver:   27.21.14.6647
Initialize mono
Mono path[0] = 'C:/Program Files/Unity/Hub/Editor/2020.2.2f1/Editor/Data/Managed'
Mono path[1] = 'C:/Program Files/Unity/Hub/Editor/2020.2.2f1/Editor/Data/MonoBleedingEdge/lib/mono/unityjit'
Mono config path = 'C:/Program Files/Unity/Hub/Editor/2020.2.2f1/Editor/Data/MonoBleedingEdge/etc'
Using monoOptions --debugger-agent=transport=dt_socket,embedding=1,server=y,suspend=n,address=127.0.0.1:56272
Begin MonoManager ReloadAssembly
Registering precompiled unity dll's ...
Register platform support module: C:/Program Files/Unity/Hub/Editor/2020.2.2f1/Editor/Data/PlaybackEngines/WindowsStandaloneSupport/UnityEditor.WindowsStandalone.Extensions.dll
Registered in 0.002629 seconds.
Native extension for WindowsStandalone target not found
Refreshing native plugins compatible for Editor in 48.14 ms, found 0 plugins.
Preloading 0 native plugins for Editor in 0.00 ms.
Invoked RoslynAnalysisRunner static constructor.
RoslynAnalysisRunner will not be running.
RoslynAnalysisRunner has terminated.
Mono: successfully reloaded assembly
- Completed reload, in  3.249 seconds
Platform modules already initialized, skipping
Registering precompiled user dll's ...
Registered in 0.003187 seconds.
Begin MonoManager ReloadAssembly
Native extension for WindowsStandalone target not found
Refreshing native plugins compatible for Editor in 0.36 ms, found 0 plugins.
Preloading 0 native plugins for Editor in 0.00 ms.
Invoked RoslynAnalysisRunner static constructor.
RoslynAnalysisRunner will not be running.
RoslynAnalysisRunner has terminated.
Mono: successfully reloaded assembly
- Completed reload, in  1.620 seconds
Platform modules already initialized, skipping
========================================================================
Worker process is ready to serve import requests
Launched and connected shader compiler UnityShaderCompiler.exe after 0.07 seconds
Refreshing native plugins compatible for Editor in 0.33 ms, found 0 plugins.
Preloading 0 native plugins for Editor in 0.00 ms.
Unloading 1487 Unused Serialized files (Serialized files now loaded: 0)
System memory in use before: 73.8 MB.
System memory in use after: 73.9 MB.

Unloading 70 unused Assets to reduce memory usage. Loaded Objects now: 1925.
Total: 3.203400 ms (FindLiveObjects: 0.171900 ms CreateObjectMapping: 0.062500 ms MarkObjects: 2.704700 ms  DeleteObjects: 0.262400 ms)

========================================================================
Received Import Request.
  path: Assets/HiddenVeilStealthGame/Art/Door Assessment.fbx
  artifactKey: Guid(71e5acddba4420a49b8336b0275a1fb0) Importer(815301076,1909f56bfc062723c751e8b465ee728b)
Start importing Assets/HiddenVeilStealthGame/Art/Door Assessment.fbx using Guid(71e5acddba4420a49b8336b0275a1fb0) Importer(815301076,1909f56bfc062723c751e8b465ee728b)  -> (artifact id: '7d26347489d57f389ff4bc67b3175dcf') in 0.605913 seconds
  Import took 0.610230 seconds .

========================================================================
Received Import Request.
  Time since last request: 0.000262 seconds.
  path: Assets/HiddenVeilStealthGame/Models/knife.fbx
  artifactKey: Guid(f93db66c78018394fae4f855363903b4) Importer(815301076,1909f56bfc062723c751e8b465ee728b)
Start importing Assets/HiddenVeilStealthGame/Models/knife.fbx using Guid(f93db66c78018394fae4f855363903b4) Importer(815301076,1909f56bfc062723c751e8b465ee728b)  -> (artifact id: '9898cc55e6afa0ef0ac6995721d5d1f2') in 0.045235 seconds
  Import took 0.049384 seconds .

========================================================================
Received Import Request.
  Time since last request: 0.000307 seconds.
  path: Assets/HiddenVeilStealthGame/Art/Cupboard Assessment.fbx
  artifactKey: Guid(0bac040b53fb0524d955c5b04eae4de0) Importer(815301076,1909f56bfc062723c751e8b465ee728b)
Start importing Assets/HiddenVeilStealthGame/Art/Cupboard Assessment.fbx using Guid(0bac040b53fb0524d955c5b04eae4de0) Importer(815301076,1909f56bfc062723c751e8b465ee728b)  -> (artifact id: '163fe8c18394dff254cd7b93289cb22c') in 0.049571 seconds
  Import took 0.054746 seconds .

========================================================================
Received Import Request.
  Time since last request: 0.000344 seconds.
  path: Assets/HiddenVeilStealthGame/Art/Sword Holder.fbx
  artifactKey: Guid(525235f2fc8a6b049b8997fd48cd0a13) Importer(815301076,1909f56bfc062723c751e8b465ee728b)
Start importing Assets/HiddenVeilStealthGame/Art/Sword Holder.fbx using Guid(525235f2fc8a6b049b8997fd48cd0a13) Importer(815301076,1909f56bfc062723c751e8b465ee728b)  -> (artifact id: 'fd04746e498d995da3902148579da97d') in 0.047621 seconds
  Import took 0.052519 seconds .

========================================================================
Received Import Request.
  Time since last request: 0.000282 seconds.
  path: Assets/HiddenVeilStealthGame/Models/kunai.fbx
  artifactKey: Guid(127e0972dc169f74fbbf3bbf80cc25fd) Importer(815301076,1909f56bfc062723c751e8b465ee728b)
Start importing Assets/HiddenVeilStealthGame/Models/kunai.fbx using Guid(127e0972dc169f74fbbf3bbf80cc25fd) Importer(815301076,1909f56bfc062723c751e8b465ee728b)  -> (artifact id: '94ab3c63badeb7cf41d5050ca0183272') in 0.036902 seconds
  Import took 0.040992 seconds .

========================================================================
Received Import Request.
  Time since last request: 0.000295 seconds.
  path: Assets/HiddenVeilStealthGame/Art/Table 2.fbx
  artifactKey: Guid(f710a5143b0ba7d43af95f3aa3d7ca8d) Importer(815301076,1909f56bfc062723c751e8b465ee728b)
Start importing Assets/HiddenVeilStealthGame/Art/Table 2.fbx using Guid(f710a5143b0ba7d43af95f3aa3d7ca8d) Importer(815301076,1909f56bfc062723c751e8b465ee728b)  -> (artifact id: '85ca8a15b95e167361698a40a552fe34') in 0.049213 seconds
  Import took 0.053835 seconds .

========================================================================
Received Import Request.
  Time since last request: 0.000490 seconds.
  path: Assets/HiddenVeilStealthGame/Models/ninja_norig.fbx
  artifactKey: Guid(7c56e41d9527ae044a8d584202c162ba) Importer(815301076,1909f56bfc062723c751e8b465ee728b)
Start importing Assets/HiddenVeilStealthGame/Models/ninja_norig.fbx using Guid(7c56e41d9527ae044a8d584202c162ba) Importer(815301076,1909f56bfc062723c751e8b465ee728b)  -> (artifact id: 'e7c2632dad1a0ebd885867e0602c3b1b') in 0.037199 seconds
  Import took 0.041638 seconds .

========================================================================
Received Import Request.
  Time since last request: 0.000358 seconds.
  path: Assets/HiddenVeilStealthGame/Art/bench 2.fbx
  artifactKey: Guid(38cb7a63cbc61504cae76529ecd82cf7) Importer(815301076,1909f56bfc062723c751e8b465ee728b)
Start importing Assets/HiddenVeilStealthGame/Art/bench 2.fbx using Guid(38cb7a63cbc61504cae76529ecd82cf7) Importer(815301076,1909f56bfc062723c751e8b465ee728b)  -> (artifact id: '7518bc96139e718cc6772564fe7f3079') in 0.048129 seconds
  Import took 0.052556 seconds .

========================================================================
Received Import Request.
  Time since last request: 0.000529 seconds.
  path: Assets/HiddenVeilStealthGame/Art/Bench assessment.fbx
  artifactKey: Guid(eda30d3f29d7df74db6c3678013aaa02) Importer(815301076,1909f56bfc062723c751e8b465ee728b)
Start importing Assets/HiddenVeilStealthGame/Art/Bench assessment.fbx using Guid(eda30d3f29d7df74db6c3678013aaa02) Importer(815301076,1909f56bfc062723c751e8b465ee728b)  -> (artifact id: '770d125a737d475f47314e9d89ec615d') in 0.037096 seconds
  Import took 0.040555 seconds .

========================================================================
Received Import Request.
  Time since last request: 0.000385 seconds.
  path: Assets/HiddenVeilStealthGame/Art/Weapon Rack.fbx
  artifactKey: Guid(b1f6f738556ff5a4d91e55467612bcf1) Importer(815301076,1909f56bfc062723c751e8b465ee728b)
Start importing Assets/HiddenVeilStealthGame/Art/Weapon Rack.fbx using Guid(b1f6f738556ff5a4d91e55467612bcf1) Importer(815301076,1909f56bfc062723c751e8b465ee728b)  -> (artifact id: 'cd9b88bc5b5a04dd1076e13e3055c259') in 0.045112 seconds
  Import took 0.048697 seconds .

========================================================================
Received Import Request.
  Time since last request: 0.000338 seconds.
  path: Assets/HiddenVeilStealthGame/Art/SafeBoxes.fbx
  artifactKey: Guid(fd4dbd3a30460304d9a35acde672dbd9) Importer(815301076,1909f56bfc062723c751e8b465ee728b)
Start importing Assets/HiddenVeilStealthGame/Art/SafeBoxes.fbx using Guid(fd4dbd3a30460304d9a35acde672dbd9) Importer(815301076,1909f56bfc062723c751e8b465ee728b)  -> (artifact id: '679ba92c623eb0abec7c70deab547aa9') in 0.047589 seconds
  Import took 0.051631 seconds .

========================================================================
Received Import Request.
  Time since last request: 0.000460 seconds.
  path: Assets/HiddenVeilStealthGame/Art/Table Assessment.fbx
  artifactKey: Guid(7a3aed7611c02aa48a129c4a527cd779) Importer(815301076,1909f56bfc062723c751e8b465ee728b)
Start importing Assets/HiddenVeilStealthGame/Art/Table Assessment.fbx using Guid(7a3aed7611c02aa48a129c4a527cd779) Importer(815301076,1909f56bfc062723c751e8b465ee728b)  -> (artifact id: 'd8ad3738dc9bf21526a5ccd13efa7933') in 0.037539 seconds
  Import took 0.041632 seconds .

========================================================================
Received Import Request.
  Time since last request: 0.000441 seconds.
  path: Assets/HiddenVeilStealthGame/Art/Bed Assessment.fbx
  artifactKey: Guid(3497a5c50021d344796317392740cc6a) Importer(815301076,1909f56bfc062723c751e8b465ee728b)
Start importing Assets/HiddenVeilStealthGame/Art/Bed Assessment.fbx using Guid(3497a5c50021d344796317392740cc6a) Importer(815301076,1909f56bfc062723c751e8b465ee728b)  -> (artifact id: '75f95a2fe26c2025b94f20b9b31d6eda') in 0.040933 seconds
  Import took 0.045817 seconds .

========================================================================
Received Import Request.
  Time since last request: 0.000413 seconds.
  path: Assets/HiddenVeilStealthGame/Art/Screen Assessment.fbx
  artifactKey: Guid(36615163637055e419ebe74a7e7f3470) Importer(815301076,1909f56bfc062723c751e8b465ee728b)
Start importing Assets/HiddenVeilStealthGame/Art/Screen Assessment.fbx using Guid(36615163637055e419ebe74a7e7f3470) Importer(815301076,1909f56bfc062723c751e8b465ee728b)  -> (artifact id: 'e7978e862f65c3924359751a923835ce') in 0.056174 seconds
  Import took 0.059557 seconds .

========================================================================
Received Import Request.
  Time since last request: 0.000319 seconds.
  path: Assets/HiddenVeilStealthGame/Art/Wardrobe assessment.fbx
  artifactKey: Guid(f8a7c00b13cf2e6478d6124206a9cab9) Importer(815301076,1909f56bfc062723c751e8b465ee728b)
Start importing Assets/HiddenVeilStealthGame/Art/Wardrobe assessment.fbx using Guid(f8a7c00b13cf2e6478d6124206a9cab9) Importer(815301076,1909f56bfc062723c751e8b465ee728b)  -> (artifact id: '87965331878d3ee7cce2380d7c4c1f6c') in 0.052170 seconds
  Import took 0.056312 seconds .

========================================================================
Received Import Request.
  Time since last request: 0.000307 seconds.
  path: Assets/HiddenVeilStealthGame/Art/Bedside table.fbx
  artifactKey: Guid(29672a52cd284064ab8c7b16e462cf77) Importer(815301076,1909f56bfc062723c751e8b465ee728b)
Start importing Assets/HiddenVeilStealthGame/Art/Bedside table.fbx using Guid(29672a52cd284064ab8c7b16e462cf77) Importer(815301076,1909f56bfc062723c751e8b465ee728b)  -> (artifact id: '7b006ea5aca50a0245ceb90782af9b23') in 0.046841 seconds
  Import took 0.052275 seconds .

========================================================================
Received Import Request.
  Time since last request: 0.000316 seconds.
  path: Assets/HiddenVeilStealthGame/Models/shiriken.fbx
  artifactKey: Guid(0e8832f9ed9f77549b57fc7086b0d502) Importer(815301076,1909f56bfc062723c751e8b465ee728b)
Start importing Assets/HiddenVeilStealthGame/Models/shiriken.fbx using Guid(0e8832f9ed9f77549b57fc7086b0d502) Importer(815301076,1909f56bfc062723c751e8b465ee728b)  -> (artifact id: '8178c17e9f65fcbc183c6fbde10dc995') in 0.038945 seconds
  Import took 0.043547 seconds .

========================================================================
Received Import Request.
  Time since last request: 0.000395 seconds.
  path: Assets/HiddenVeilStealthGame/Art/Pillow Assessment.fbx
  artifactKey: Guid(b39802160c05042488b76af694d8ff08) Importer(815301076,1909f56bfc062723c751e8b465ee728b)
Start importing Assets/HiddenVeilStealthGame/Art/Pillow Assessment.fbx using Guid(b39802160c05042488b76af694d8ff08) Importer(815301076,1909f56bfc062723c751e8b465ee728b)  -> (artifact id: '799b2132f767a058c2452bb49ed52026') in 0.033710 seconds
  Import took 0.038058 seconds .

========================================================================
Received Import Request.
  Time since last request: 0.000342 seconds.
  path: Assets/HiddenVeilStealthGame/Models/sword.fbx
  artifactKey: Guid(d9c63dd15cd756b44a15a7a8c22033f2) Importer(815301076,1909f56bfc062723c751e8b465ee728b)
Start importing Assets/HiddenVeilStealthGame/Models/sword.fbx using Guid(d9c63dd15cd756b44a15a7a8c22033f2) Importer(815301076,1909f56bfc062723c751e8b465ee728b)  -> (artifact id: '94bba71ce373ac1dce7fe7ea1ef7ef63') in 0.037926 seconds
  Import took 0.041812 seconds .

========================================================================
Received Import Request.
  Time since last request: 0.000327 seconds.
  path: Assets/HiddenVeilStealthGame/Art/Ladder.fbx
  artifactKey: Guid(34b4c9cd95d083b448c66c39e4b0a8b6) Importer(815301076,1909f56bfc062723c751e8b465ee728b)
Start importing Assets/HiddenVeilStealthGame/Art/Ladder.fbx using Guid(34b4c9cd95d083b448c66c39e4b0a8b6) Importer(815301076,1909f56bfc062723c751e8b465ee728b)  -> (artifact id: 'aad6b541030aa1307b171489db94ebf5') in 0.036192 seconds
  Import took 0.040183 seconds .

========================================================================
Received Import Request.
  Time since last request: 592.681868 seconds.
  path: Assets/HiddenVeilStealthGame/Resources/Walls.mat
  artifactKey: Guid(6fd1597b3f1200f4caa72ceba62223f1) Importer(815301076,1909f56bfc062723c751e8b465ee728b)
Start importing Assets/HiddenVeilStealthGame/Resources/Walls.mat using Guid(6fd1597b3f1200f4caa72ceba62223f1) Importer(815301076,1909f56bfc062723c751e8b465ee728b)  -> (artifact id: '6f6f95e8083f1f9b3426abdd1999129b') in 0.056882 seconds
  Import took 0.062156 seconds .

========================================================================
Received Import Request.
  Time since last request: 29.615520 seconds.
  path: Assets/HiddenVeilStealthGame/Resources/Floor.mat
  artifactKey: Guid(50a68a79518c67b46a401c4bca58f1f1) Importer(815301076,1909f56bfc062723c751e8b465ee728b)
Start importing Assets/HiddenVeilStealthGame/Resources/Floor.mat using Guid(50a68a79518c67b46a401c4bca58f1f1) Importer(815301076,1909f56bfc062723c751e8b465ee728b)  -> (artifact id: '75defc4e5f219586b07a7cc4ceb22dc6') in 0.061169 seconds
  Import took 0.073417 seconds .

========================================================================
Received Import Request.
  Time since last request: 27.409015 seconds.
  path: Assets/HiddenVeilStealthGame/Resources/Outside.mat
  artifactKey: Guid(0a2e8ef071444d548b277088f424ce1f) Importer(815301076,1909f56bfc062723c751e8b465ee728b)
Start importing Assets/HiddenVeilStealthGame/Resources/Outside.mat using Guid(0a2e8ef071444d548b277088f424ce1f) Importer(815301076,1909f56bfc062723c751e8b465ee728b)  -> (artifact id: '82aed0edb54ef195696af1d799a20ad7') in 0.030085 seconds
  Import took 0.038950 seconds .

========================================================================
Received Import Request.
  Time since last request: 880.996303 seconds.
  path: Assets/TextMesh Pro/Sprites/EmojiOne.png
  artifactKey: Guid(dffef66376be4fa480fb02b19edbe903) Importer(815301076,1909f56bfc062723c751e8b465ee728b)
Start importing Assets/TextMesh Pro/Sprites/EmojiOne.png using Guid(dffef66376be4fa480fb02b19edbe903) Importer(815301076,1909f56bfc062723c751e8b465ee728b)  -> (artifact id: '6d7597306ae4fd86316e2e8fcf689013') in 0.116276 seconds
  Import took 0.122708 seconds .

========================================================================
Received Import Request.
  Time since last request: 0.000448 seconds.
  path: Assets/HiddenVeilStealthGame/Textures/ninjaTex.png
  artifactKey: Guid(40f427f645c4fff4f99de36a865a01cc) Importer(815301076,1909f56bfc062723c751e8b465ee728b)
Start importing Assets/HiddenVeilStealthGame/Textures/ninjaTex.png using Guid(40f427f645c4fff4f99de36a865a01cc) Importer(815301076,1909f56bfc062723c751e8b465ee728b)  -> (artifact id: 'd232c15de9958d0436cac8d69adb1ac1') in 0.030365 seconds
  Import took 0.035854 seconds .

========================================================================
Received Import Request.
  Time since last request: 0.000357 seconds.
  path: Assets/TextMesh Pro/Resources/Fonts & Materials/LiberationSans SDF - Fallback.asset
  artifactKey: Guid(2e498d1c8094910479dc3e1b768306a4) Importer(815301076,1909f56bfc062723c751e8b465ee728b)
Start importing Assets/TextMesh Pro/Resources/Fonts & Materials/LiberationSans SDF - Fallback.asset using Guid(2e498d1c8094910479dc3e1b768306a4) Importer(815301076,1909f56bfc062723c751e8b465ee728b)  -> (artifact id: '9cf95ca6761cc54e2ef53295e1381971') in 0.095726 seconds
  Import took 0.103138 seconds .

========================================================================
Received Import Request.
  Time since last request: 0.000466 seconds.
  path: Assets/TextMesh Pro/Sprites/EmojiOne.png
  artifactKey: Guid(dffef66376be4fa480fb02b19edbe903) Importer(815301076,1909f56bfc062723c751e8b465ee728b)
Start importing Assets/TextMesh Pro/Sprites/EmojiOne.png using Guid(dffef66376be4fa480fb02b19edbe903) Importer(815301076,1909f56bfc062723c751e8b465ee728b)  -> (artifact id: '6d7597306ae4fd86316e2e8fcf689013') in 0.020138 seconds
  Import took 0.025399 seconds .

========================================================================
Received Import Request.
  Time since last request: 0.000328 seconds.
  path: Assets/HiddenVeilStealthGame/Textures/kunai_shirukenTex.png
  artifactKey: Guid(d138e9ae382530048a57c8e8fb5c84be) Importer(815301076,1909f56bfc062723c751e8b465ee728b)
Start importing Assets/HiddenVeilStealthGame/Textures/kunai_shirukenTex.png using Guid(d138e9ae382530048a57c8e8fb5c84be) Importer(815301076,1909f56bfc062723c751e8b465ee728b)  -> (artifact id: '7b6082d38db9f96bcd56ca18d216fc3a') in 0.021411 seconds
  Import took 0.026785 seconds .

========================================================================
Received Import Request.
  Time since last request: 0.000328 seconds.
  path: Assets/HiddenVeilStealthGame/Textures/ninjaTex2.png
  artifactKey: Guid(9b33b1e9b83fe6243a798f3f04298b7a) Importer(815301076,1909f56bfc062723c751e8b465ee728b)
Start importing Assets/HiddenVeilStealthGame/Textures/ninjaTex2.png using Guid(9b33b1e9b83fe6243a798f3f04298b7a) Importer(815301076,1909f56bfc062723c751e8b465ee728b)  -> (artifact id: '6a47e7ada185d7fb29f3a112bf3975ce') in 0.023875 seconds
  Import took 0.029358 seconds .

========================================================================
Received Import Request.
  Time since last request: 0.000701 seconds.
  path: Assets/HiddenVeilStealthGame/Textures/knifeTex.png
  artifactKey: Guid(eb767747e2e7eb54a90876175b5692ea) Importer(815301076,1909f56bfc062723c751e8b465ee728b)
Start importing Assets/HiddenVeilStealthGame/Textures/knifeTex.png using Guid(eb767747e2e7eb54a90876175b5692ea) Importer(815301076,1909f56bfc062723c751e8b465ee728b)  -> (artifact id: '22c0eb048ed69c288622f76606425fc9') in 0.027109 seconds
  Import took 0.035965 seconds .

========================================================================
Received Import Request.
  Time since last request: 0.000362 seconds.
  path: Assets/TextMesh Pro/Resources/Fonts & Materials/LiberationSans SDF.asset
  artifactKey: Guid(8f586378b4e144a9851e7b34d9b748ee) Importer(815301076,1909f56bfc062723c751e8b465ee728b)
Start importing Assets/TextMesh Pro/Resources/Fonts & Materials/LiberationSans SDF.asset using Guid(8f586378b4e144a9851e7b34d9b748ee) Importer(815301076,1909f56bfc062723c751e8b465ee728b)  -> (artifact id: '04ff517a62a9dc3ed0bd4d07391b4c41') in 0.127241 seconds
  Import took 0.133450 seconds .

========================================================================
Received Import Request.
  Time since last request: 0.000338 seconds.
  path: Assets/HiddenVeilStealthGame/Textures/swordTex.png
  artifactKey: Guid(d14c64003f2371d4da4b52d48cb334be) Importer(815301076,1909f56bfc062723c751e8b465ee728b)
Start importing Assets/HiddenVeilStealthGame/Textures/swordTex.png using Guid(d14c64003f2371d4da4b52d48cb334be) Importer(815301076,1909f56bfc062723c751e8b465ee728b)  -> (artifact id: '18110f8feb6a48aa9133e54edec5172a') in 0.029920 seconds
  Import took 0.035332 seconds .

========================================================================
Received Import Request.
  Time since last request: 1191.178397 seconds.
  path: Assets/TextMesh Pro/Resources/Fonts & Materials/LiberationSans SDF - Outline.mat
  artifactKey: Guid(79459efec17a4d00a321bdcc27bbc385) Importer(815301076,1909f56bfc062723c751e8b465ee728b)
Start importing Assets/TextMesh Pro/Resources/Fonts & Materials/LiberationSans SDF - Outline.mat using Guid(79459efec17a4d00a321bdcc27bbc385) Importer(815301076,1909f56bfc062723c751e8b465ee728b)  -> (artifact id: 'fafc943c64d19888e1450ff75b3539da') in 0.069467 seconds
  Import took 0.075419 seconds .

========================================================================
Received Import Request.
  Time since last request: 0.000316 seconds.
  path: Assets/TextMesh Pro/Fonts/LiberationSans.ttf
  artifactKey: Guid(e3265ab4bf004d28a9537516768c1c75) Importer(815301076,1909f56bfc062723c751e8b465ee728b)
Start importing Assets/TextMesh Pro/Fonts/LiberationSans.ttf using Guid(e3265ab4bf004d28a9537516768c1c75) Importer(815301076,1909f56bfc062723c751e8b465ee728b)  -> (artifact id: 'aa66264145f7c7ea4ff632f1504a014d') in 0.043972 seconds
  Import took 0.047579 seconds .

========================================================================
Received Import Request.
  Time since last request: 0.000278 seconds.
  path: Assets/TextMesh Pro/Resources/Fonts & Materials/LiberationSans SDF - Drop Shadow.mat
  artifactKey: Guid(e73a58f6e2794ae7b1b7e50b7fb811b0) Importer(815301076,1909f56bfc062723c751e8b465ee728b)
Start importing Assets/TextMesh Pro/Resources/Fonts & Materials/LiberationSans SDF - Drop Shadow.mat using Guid(e73a58f6e2794ae7b1b7e50b7fb811b0) Importer(815301076,1909f56bfc062723c751e8b465ee728b)  -> (artifact id: 'c07b93f041c59bf82658c8a697559aae') in 0.142693 seconds
  Import took 0.147373 seconds .

========================================================================
Received Import Request.
  Time since last request: 1649.226130 seconds.
  path: Assets/HiddenVeilStealthGame/Resources/Materials
  artifactKey: Guid(ff8a100614f6e40479f8d0798c6c6e9a) Importer(815301076,1909f56bfc062723c751e8b465ee728b)
Start importing Assets/HiddenVeilStealthGame/Resources/Materials using Guid(ff8a100614f6e40479f8d0798c6c6e9a) Importer(815301076,1909f56bfc062723c751e8b465ee728b)  -> (artifact id: '9c8ed50ae91b5ed4d1d9d888884f33d9') in 0.006799 seconds
  Import took 0.009708 seconds .

========================================================================
Received Import Request.
  Time since last request: 34.768033 seconds.
  path: Assets/HiddenVeilStealthGame/Resources/Materials/Walls 1.mat
  artifactKey: Guid(51ac9b652330ff1458811c8abc62426e) Importer(815301076,1909f56bfc062723c751e8b465ee728b)
Start importing Assets/HiddenVeilStealthGame/Resources/Materials/Walls 1.mat using Guid(51ac9b652330ff1458811c8abc62426e) Importer(815301076,1909f56bfc062723c751e8b465ee728b)  -> (artifact id: '7173db09e10e8f71cdec2aa312ccb35f') in 0.021856 seconds
  Import took 0.024630 seconds .

========================================================================
Received Import Request.
  Time since last request: 461.676878 seconds.
  path: Assets/HiddenVeilStealthGame/Resources/Materials/Floor.mat
  artifactKey: Guid(50a68a79518c67b46a401c4bca58f1f1) Importer(815301076,1909f56bfc062723c751e8b465ee728b)
Start importing Assets/HiddenVeilStealthGame/Resources/Materials/Floor.mat using Guid(50a68a79518c67b46a401c4bca58f1f1) Importer(815301076,1909f56bfc062723c751e8b465ee728b)  -> (artifact id: '95806de2b2f3e9bd354cb391f9ddd15a') in 0.020691 seconds
  Import took 0.024778 seconds .

========================================================================
Received Import Request.
  Time since last request: 0.000394 seconds.
  path: Assets/HiddenVeilStealthGame/Resources/Materials/Walls.mat
  artifactKey: Guid(6fd1597b3f1200f4caa72ceba62223f1) Importer(815301076,1909f56bfc062723c751e8b465ee728b)
Start importing Assets/HiddenVeilStealthGame/Resources/Materials/Walls.mat using Guid(6fd1597b3f1200f4caa72ceba62223f1) Importer(815301076,1909f56bfc062723c751e8b465ee728b)  -> (artifact id: '3ad0b08a4c387442ec69861ac118fff1') in 0.018916 seconds
  Import took 0.022378 seconds .

========================================================================
Received Import Request.
  Time since last request: 0.000339 seconds.
  path: Assets/HiddenVeilStealthGame/Resources/Materials/Walls 1.mat
  artifactKey: Guid(51ac9b652330ff1458811c8abc62426e) Importer(815301076,1909f56bfc062723c751e8b465ee728b)
Start importing Assets/HiddenVeilStealthGame/Resources/Materials/Walls 1.mat using Guid(51ac9b652330ff1458811c8abc62426e) Importer(815301076,1909f56bfc062723c751e8b465ee728b)  -> (artifact id: '0b597770fb33db0a94635c269753a3aa') in 0.020279 seconds
  Import took 0.023817 seconds .

========================================================================
Received Import Request.
  Time since last request: 0.000336 seconds.
  path: Assets/HiddenVeilStealthGame/Resources/Materials/Outside.mat
  artifactKey: Guid(0a2e8ef071444d548b277088f424ce1f) Importer(815301076,1909f56bfc062723c751e8b465ee728b)
Start importing Assets/HiddenVeilStealthGame/Resources/Materials/Outside.mat using Guid(0a2e8ef071444d548b277088f424ce1f) Importer(815301076,1909f56bfc062723c751e8b465ee728b)  -> (artifact id: '96c2cd729344f86cfdba3010883ba10c') in 0.016765 seconds
  Import took 0.020651 seconds .

AssetImportWorkerClient::OnTransportError - code=2 error=End of file
